  DiningPhilo.cpp
c:\program files (x86)\microsoft visual studio\2017\community\vc\tools\msvc\14.13.26128\include\thr\xthread(240): error C2672: 'std::invoke': no matching overloaded function found
  c:\program files (x86)\microsoft visual studio\2017\community\vc\tools\msvc\14.13.26128\include\thr\xthread(248): note: see reference to function template instantiation 'void std::_LaunchPad<_Target>::_Execute<0,1>(std::tuple<void (__thiscall filo::* )(filo),filo> &,std::integer_sequence<_Ty,0,1>)' being compiled
          with
          [
              _Target=std::unique_ptr<std::tuple<void (__thiscall filo::* )(filo),filo>,std::default_delete<std::tuple<void (__thiscall filo::* )(filo),filo>>>,
              _Ty=::size_t
          ]
  c:\program files (x86)\microsoft visual studio\2017\community\vc\tools\msvc\14.13.26128\include\thr\xthread(247): note: see reference to function template instantiation 'void std::_LaunchPad<_Target>::_Execute<0,1>(std::tuple<void (__thiscall filo::* )(filo),filo> &,std::integer_sequence<_Ty,0,1>)' being compiled
          with
          [
              _Target=std::unique_ptr<std::tuple<void (__thiscall filo::* )(filo),filo>,std::default_delete<std::tuple<void (__thiscall filo::* )(filo),filo>>>,
              _Ty=::size_t
          ]
  c:\program files (x86)\microsoft visual studio\2017\community\vc\tools\msvc\14.13.26128\include\thr\xthread(244): note: while compiling class template member function 'void std::_LaunchPad<_Target>::_Run(std::_LaunchPad<_Target> *) noexcept'
          with
          [
              _Target=std::unique_ptr<std::tuple<void (__thiscall filo::* )(filo),filo>,std::default_delete<std::tuple<void (__thiscall filo::* )(filo),filo>>>
          ]
  c:\program files (x86)\microsoft visual studio\2017\community\vc\tools\msvc\14.13.26128\include\thr\xthread(232): note: see reference to function template instantiation 'void std::_LaunchPad<_Target>::_Run(std::_LaunchPad<_Target> *) noexcept' being compiled
          with
          [
              _Target=std::unique_ptr<std::tuple<void (__thiscall filo::* )(filo),filo>,std::default_delete<std::tuple<void (__thiscall filo::* )(filo),filo>>>
          ]
  c:\program files (x86)\microsoft visual studio\2017\community\vc\tools\msvc\14.13.26128\include\thr\xthread(259): note: see reference to class template instantiation 'std::_LaunchPad<_Target>' being compiled
          with
          [
              _Target=std::unique_ptr<std::tuple<void (__thiscall filo::* )(filo),filo>,std::default_delete<std::tuple<void (__thiscall filo::* )(filo),filo>>>
          ]
  c:\program files (x86)\microsoft visual studio\2017\community\vc\tools\msvc\14.13.26128\include\thread(45): note: see reference to function template instantiation 'void std::_Launch<std::unique_ptr<std::tuple<void (__thiscall filo::* )(filo),filo>,std::default_delete<_Ty>>>(_Thrd_t *,_Target &&)' being compiled
          with
          [
              _Ty=std::tuple<void (__thiscall filo::* )(filo),filo>,
              _Target=std::unique_ptr<std::tuple<void (__thiscall filo::* )(filo),filo>,std::default_delete<std::tuple<void (__thiscall filo::* )(filo),filo>>>
          ]
  c:\users\jpetcu\source\repos\filo\diningphilosophers\diningphilo\diningphilo\diningphilo.cpp(52): note: see reference to function template instantiation 'std::thread::thread<void(__thiscall filo::* )(filo),filo&,void>(_Fn &&,filo &)' being compiled
          with
          [
              _Fn=void (__thiscall filo::* )(filo)
          ]
c:\program files (x86)\microsoft visual studio\2017\community\vc\tools\msvc\14.13.26128\include\thr\xthread(239): error C2893: Failed to specialize function template 'unknown-type std::invoke(_Callable &&,_Types &&...) noexcept(<expr>)'
  c:\program files (x86)\microsoft visual studio\2017\community\vc\tools\msvc\14.13.26128\include\thr\xthread(239): note: With the following template arguments:
  c:\program files (x86)\microsoft visual studio\2017\community\vc\tools\msvc\14.13.26128\include\thr\xthread(239): note: '_Callable=void (__thiscall filo::* )(filo)'
  c:\program files (x86)\microsoft visual studio\2017\community\vc\tools\msvc\14.13.26128\include\thr\xthread(239): note: '_Types={filo}'
